# JRE version: OpenJDK Runtime Environment (8.0_152-b01) (build 1.8.0_152-release-915-b01)
# Java VM: OpenJDK 64-Bit Server VM (25.152-b01 mixed mode windows-amd64 compressed oops)
Heap:
 PSYoungGen      total 268288K, used 194952K [0x00000000e0000000, 0x00000000f3a00000, 0x0000000100000000)
  eden space 225280K, 76% used [0x00000000e0000000,0x00000000ea960218,0x00000000edc00000)
  from space 43008K, 50% used [0x00000000f1000000,0x00000000f2501fb8,0x00000000f3a00000)
  to   space 48128K, 0% used [0x00000000edc00000,0x00000000edc00000,0x00000000f0b00000)
 ParOldGen       total 168448K, used 79501K [0x00000000a0000000, 0x00000000aa480000, 0x00000000e0000000)
  object space 168448K, 47% used [0x00000000a0000000,0x00000000a4da36e8,0x00000000aa480000)
 Metaspace       used 77837K, capacity 81855K, committed 82008K, reserved 1120256K
  class space    used 10037K, capacity 11036K, committed 11136K, reserved 1048576K
GC Heap History (10 events):
Event: 752.587 GC heap before
{Heap before GC invocations=21 (full 3):
 PSYoungGen      total 187392K, used 178422K [0x00000000e0000000, 0x00000000edd00000, 0x0000000100000000)
  eden space 162304K, 100% used [0x00000000e0000000,0x00000000e9e80000,0x00000000e9e80000)
  from space 25088K, 64% used [0x00000000e9e80000,0x00000000eae3daf8,0x00000000eb700000)
  to   space 25600K, 0% used [0x00000000ec400000,0x00000000ec400000,0x00000000edd00000)
 ParOldGen       total 168448K, used 48671K [0x00000000a0000000, 0x00000000aa480000, 0x00000000e0000000)
  object space 168448K, 28% used [0x00000000a0000000,0x00000000a2f87fb0,0x00000000aa480000)
 Metaspace       used 73688K, capacity 77169K, committed 77272K, reserved 1116160K
  class space    used 9548K, capacity 10425K, committed 10496K, reserved 1048576K
Event: 752.635 GC heap after
Heap after GC invocations=21 (full 3):
 PSYoungGen      total 183296K, used 25576K [0x00000000e0000000, 0x00000000edd00000, 0x0000000100000000)
  eden space 157696K, 0% used [0x00000000e0000000,0x00000000e0000000,0x00000000e9a00000)
  from space 25600K, 99% used [0x00000000ec400000,0x00000000edcfa118,0x00000000edd00000)
  to   space 30720K, 0% used [0x00000000ea100000,0x00000000ea100000,0x00000000ebf00000)
 ParOldGen       total 168448K, used 52848K [0x00000000a0000000, 0x00000000aa480000, 0x00000000e0000000)
  object space 168448K, 31% used [0x00000000a0000000,0x00000000a339c030,0x00000000aa480000)
 Metaspace       used 73688K, capacity 77169K, committed 77272K, reserved 1116160K
  class space    used 9548K, capacity 10425K, committed 10496K, reserved 1048576K
}
Event: 755.284 GC heap before
{Heap before GC invocations=22 (full 3):
 PSYoungGen      total 183296K, used 183272K [0x00000000e0000000, 0x00000000edd00000, 0x0000000100000000)
  eden space 157696K, 100% used [0x00000000e0000000,0x00000000e9a00000,0x00000000e9a00000)
  from space 25600K, 99% used [0x00000000ec400000,0x00000000edcfa118,0x00000000edd00000)
  to   space 30720K, 0% used [0x00000000ea100000,0x00000000ea100000,0x00000000ebf00000)
 ParOldGen       total 168448K, used 52848K [0x00000000a0000000, 0x00000000aa480000, 0x00000000e0000000)
  object space 168448K, 31% used [0x00000000a0000000,0x00000000a339c030,0x00000000aa480000)
 Metaspace       used 74552K, capacity 78085K, committed 78424K, reserved 1118208K
  class space    used 9645K, capacity 10537K, committed 10624K, reserved 1048576K
Event: 755.353 GC heap after
Heap after GC invocations=22 (full 3):
 PSYoungGen      total 195584K, used 30691K [0x00000000e0000000, 0x00000000f0080000, 0x0000000100000000)
  eden space 164864K, 0% used [0x00000000e0000000,0x00000000e0000000,0x00000000ea100000)
  from space 30720K, 99% used [0x00000000ea100000,0x00000000ebef8c40,0x00000000ebf00000)
  to   space 44032K, 0% used [0x00000000ed580000,0x00000000ed580000,0x00000000f0080000)
 ParOldGen       total 168448K, used 76834K [0x00000000a0000000, 0x00000000aa480000, 0x00000000e0000000)
  object space 168448K, 45% used [0x00000000a0000000,0x00000000a4b08a48,0x00000000aa480000)
 Metaspace       used 74552K, capacity 78085K, committed 78424K, reserved 1118208K
  class space    used 9645K, capacity 10537K, committed 10624K, reserved 1048576K
}
Event: 757.615 GC heap before
{Heap before GC invocations=23 (full 3):
 PSYoungGen      total 195584K, used 195272K [0x00000000e0000000, 0x00000000f0080000, 0x0000000100000000)
  eden space 164864K, 99% used [0x00000000e0000000,0x00000000ea0b9538,0x00000000ea100000)
  from space 30720K, 99% used [0x00000000ea100000,0x00000000ebef8c40,0x00000000ebf00000)
  to   space 44032K, 0% used [0x00000000ed580000,0x00000000ed580000,0x00000000f0080000)
 ParOldGen       total 168448K, used 76834K [0x00000000a0000000, 0x00000000aa480000, 0x00000000e0000000)
  object space 168448K, 45% used [0x00000000a0000000,0x00000000a4b08a48,0x00000000aa480000)
 Metaspace       used 76364K, capacity 80077K, committed 80216K, reserved 1118208K
  class space    used 9888K, capacity 10807K, committed 10880K, reserved 1048576K
Event: 757.668 GC heap after
Heap after GC invocations=23 (full 3):
 PSYoungGen      total 213504K, used 38220K [0x00000000e0000000, 0x00000000f1500000, 0x0000000100000000)
  eden space 169472K, 0% used [0x00000000e0000000,0x00000000e0000000,0x00000000ea580000)
  from space 44032K, 86% used [0x00000000ed580000,0x00000000efad33d0,0x00000000f0080000)
  to   space 49152K, 0% used [0x00000000ea580000,0x00000000ea580000,0x00000000ed580000)
 ParOldGen       total 168448K, used 76842K [0x00000000a0000000, 0x00000000aa480000, 0x00000000e0000000)
  object space 168448K, 45% used [0x00000000a0000000,0x00000000a4b0aa48,0x00000000aa480000)
 Metaspace       used 76364K, capacity 80077K, committed 80216K, reserved 1118208K
  class space    used 9888K, capacity 10807K, committed 10880K, reserved 1048576K
}
Event: 757.684 GC heap before
{Heap before GC invocations=24 (full 3):
 PSYoungGen      total 213504K, used 206914K [0x00000000e0000000, 0x00000000f1500000, 0x0000000100000000)
  eden space 169472K, 99% used [0x00000000e0000000,0x00000000ea4bd730,0x00000000ea580000)
  from space 44032K, 86% used [0x00000000ed580000,0x00000000efad33d0,0x00000000f0080000)
  to   space 49152K, 0% used [0x00000000ea580000,0x00000000ea580000,0x00000000ed580000)
 ParOldGen       total 168448K, used 76842K [0x00000000a0000000, 0x00000000aa480000, 0x00000000e0000000)
  object space 168448K, 45% used [0x00000000a0000000,0x00000000a4b0aa48,0x00000000aa480000)
 Metaspace       used 76370K, capacity 80077K, committed 80216K, reserved 1118208K
  class space    used 9888K, capacity 10807K, committed 10880K, reserved 1048576K
Event: 757.726 GC heap after
Heap after GC invocations=24 (full 3):
 PSYoungGen      total 218624K, used 32376K [0x00000000e0000000, 0x00000000f4180000, 0x0000000100000000)
  eden space 169472K, 0% used [0x00000000e0000000,0x00000000e0000000,0x00000000ea580000)
  from space 49152K, 65% used [0x00000000ea580000,0x00000000ec51e3d0,0x00000000ed580000)
  to   space 50688K, 0% used [0x00000000f1000000,0x00000000f1000000,0x00000000f4180000)
 ParOldGen       total 168448K, used 76850K [0x00000000a0000000, 0x00000000aa480000, 0x00000000e0000000)
  object space 168448K, 45% used [0x00000000a0000000,0x00000000a4b0ca48,0x00000000aa480000)
 Metaspace       used 76370K, capacity 80077K, committed 80216K, reserved 1118208K
  class space    used 9888K, capacity 10807K, committed 10880K, reserved 1048576K
}
Event: 834.086 GC heap before
{Heap before GC invocations=25 (full 3):
 PSYoungGen      total 218624K, used 201848K [0x00000000e0000000, 0x00000000f4180000, 0x0000000100000000)
  eden space 169472K, 100% used [0x00000000e0000000,0x00000000ea580000,0x00000000ea580000)
  from space 49152K, 65% used [0x00000000ea580000,0x00000000ec51e3d0,0x00000000ed580000)
  to   space 50688K, 0% used [0x00000000f1000000,0x00000000f1000000,0x00000000f4180000)
 ParOldGen       total 168448K, used 76850K [0x00000000a0000000, 0x00000000aa480000, 0x00000000e0000000)
  object space 168448K, 45% used [0x00000000a0000000,0x00000000a4b0ca48,0x00000000aa480000)
 Metaspace       used 77234K, capacity 81235K, committed 81368K, reserved 1120256K
  class space    used 10020K, capacity 11008K, committed 11008K, reserved 1048576K
Event: 834.121 GC heap after
Heap after GC invocations=25 (full 3):
 PSYoungGen      total 268288K, used 21511K [0x00000000e0000000, 0x00000000f3a00000, 0x0000000100000000)
  eden space 225280K, 0% used [0x00000000e0000000,0x00000000e0000000,0x00000000edc00000)
  from space 43008K, 50% used [0x00000000f1000000,0x00000000f2501fb8,0x00000000f3a00000)
  to   space 48128K, 0% used [0x00000000edc00000,0x00000000edc00000,0x00000000f0b00000)
 ParOldGen       total 168448K, used 79501K [0x00000000a0000000, 0x00000000aa480000, 0x00000000e0000000)
  object space 168448K, 47% used [0x00000000a0000000,0x00000000a4da36e8,0x00000000aa480000)
 Metaspace       used 77234K, capacity 81235K, committed 81368K, reserved 1120256K
  class space    used 10020K, capacity 11008K, committed 11008K, reserved 1048576K
}

